→ rendering ColdOpenNames
  ✓ ColdOpenNames
→ rendering ColdOpenStat
  ✓ ColdOpenStat
→ rendering FourBuckets
  ✓ FourBuckets
→ rendering JokicCap
  ✓ JokicCap
→ rendering BuildTheFormula
  ✓ BuildTheFormula
→ rendering NinetySevenDots
  ✓ NinetySevenDots
→ rendering NinetySevenDotsB
  ✓ NinetySevenDotsB
→ rendering BucketPositiveShare
  ✓ BucketPositiveShare
→ rendering PritchardTimeline
  ✓ PritchardTimeline
→ rendering ThreeReasonsCallout
  ✓ ThreeReasonsCallout
→ rendering PriceFitScatter
  ✓ PriceFitScatter
→ rendering AgingCurve
  ✓ AgingCurve
→ rendering MultiplierStack
  ✓ MultiplierStack
→ rendering BottomFiveBars
  ✓ BottomFiveBars
→ rendering MobleyAnnotation
  ✓ MobleyAnnotation
→ rendering MaxOnApronPattern
  ✓ MaxOnApronPattern
→ rendering Pritchard30Teams
  ✓ Pritchard30Teams
→ rendering Pritchard30TeamsB
  ✓ Pritchard30TeamsB
→ rendering SevenTimesCallout
  ✓ SevenTimesCallout
→ rendering NextPritchardCalendar
  ✓ NextPritchardCalendar
→ rendering QuetaSpotlight
  ✓ QuetaSpotlight
→ rendering DurenForecast
  ✓ DurenForecast
→ rendering DiabateUnderRadar
  ✓ DiabateUnderRadar
→ rendering ThreeNumbersReveal
  ✓ ThreeNumbersReveal
→ rendering ThreeNumbersRevealB
  ✓ ThreeNumbersRevealB
→ rendering FinalQuestion
  ✓ FinalQuestion

──────────────────
✓ 26 passed
✗ 0 failed
→ ffmpeg concat → ../FINAL_MASTER.mp4
✓ master: /home/david/code/sports/nba_contracts/outputs/FINAL_MASTER.mp4
